<?xml version="1.0" encoding="UTF-8"?>
<testng-results skipped="0" failed="0" total="2" passed="2">
  <reporter-output>
  </reporter-output>
  <suite name="Example test run" duration-ms="10293" started-at="2017-06-19T14:56:53Z" finished-at="2017-06-19T14:57:03Z">
    <groups>
    </groups>
    <test name="Simple Test" duration-ms="10293" started-at="2017-06-19T14:56:53Z" finished-at="2017-06-19T14:57:03Z">
      <class name="NewTest">
        <test-method status="PASS" signature="beforeTest()[pri:0, instance:NewTest@b684286]" name="beforeTest" is-config="true" duration-ms="0" started-at="2017-06-19T20:26:53Z" finished-at="2017-06-19T20:26:53Z">
          <reporter-output>
          </reporter-output>
        </test-method> <!-- beforeTest -->
        <test-method status="PASS" signature="f()[pri:0, instance:NewTest@b684286]" name="f" duration-ms="0" started-at="2017-06-19T20:26:53Z" finished-at="2017-06-19T20:26:53Z">
          <reporter-output>
          </reporter-output>
        </test-method> <!-- f -->
      </class> <!-- NewTest -->
      <class name="FirstTest">
        <test-method status="PASS" signature="exampleOfTestNgMaven()[pri:0, instance:FirstTest@7c75222b]" name="exampleOfTestNgMaven" duration-ms="10277" started-at="2017-06-19T20:26:53Z" finished-at="2017-06-19T20:27:03Z">
          <reporter-output>
          </reporter-output>
        </test-method> <!-- exampleOfTestNgMaven -->
      </class> <!-- FirstTest -->
    </test> <!-- Simple Test -->
  </suite> <!-- Example test run -->
</testng-results>
