<?xml version="1.0" encoding="UTF-8"?>
<testng-results skipped="0" failed="0" total="1" passed="1">
  <reporter-output>
  </reporter-output>
  <suite name="Example test run" duration-ms="38" started-at="2017-06-17T18:13:56Z" finished-at="2017-06-17T18:13:56Z">
    <groups>
    </groups>
    <test name="Simple Test" duration-ms="38" started-at="2017-06-17T18:13:56Z" finished-at="2017-06-17T18:13:56Z">
      <class name="NewTest">
        <test-method status="PASS" signature="beforeTest()[pri:0, instance:NewTest@20e2cbe0]" name="beforeTest" is-config="true" duration-ms="16" started-at="2017-06-17T23:43:56Z" finished-at="2017-06-17T23:43:56Z">
          <reporter-output>
          </reporter-output>
        </test-method> <!-- beforeTest -->
        <test-method status="PASS" signature="f()[pri:0, instance:NewTest@20e2cbe0]" name="f" duration-ms="6" started-at="2017-06-17T23:43:56Z" finished-at="2017-06-17T23:43:56Z">
          <reporter-output>
          </reporter-output>
        </test-method> <!-- f -->
      </class> <!-- NewTest -->
    </test> <!-- Simple Test -->
  </suite> <!-- Example test run -->
</testng-results>
